<?xml version="1.0" encoding="utf-8"?><testsuites><testsuite name="pytest" errors="0" failures="0" skipped="0" tests="557" time="1.311" timestamp="2024-11-04T04:52:06.898969-06:00" hostname="Geordi.local"><testcase classname="tests.scm.config.objects.test_address.TestAddressAPI" name="test_list_addresses" file="tests/scm/config/objects/test_address.py" line="50" time="0.023" /><testcase classname="tests.scm.config.objects.test_address.TestAddressAPI" name="test_create_address_of_type_ip_netmask" file="tests/scm/config/objects/test_address.py" line="115" time="0.012" /><testcase classname="tests.scm.config.objects.test_address.TestAddressAPI" name="test_create_address_of_type_fdqn" file="tests/scm/config/objects/test_address.py" line="143" time="0.001" /><testcase classname="tests.scm.config.objects.test_address.TestAddressAPI" name="test_create_address_of_type_ip_range" file="tests/scm/config/objects/test_address.py" line="171" time="0.001" /><testcase classname="tests.scm.config.objects.test_address.TestAddressAPI" name="test_create_address_of_type_ip_wildcard" file="tests/scm/config/objects/test_address.py" line="199" time="0.001" /><testcase classname="tests.scm.config.objects.test_address.TestAddressAPI" name="test_get_address" file="tests/scm/config/objects/test_address.py" line="228" time="0.001" /><testcase classname="tests.scm.config.objects.test_address.TestAddressAPI" name="test_update_address" file="tests/scm/config/objects/test_address.py" line="262" time="0.001" /><testcase classname="tests.scm.config.objects.test_address.TestAddressAPI" name="test_fetch_address" file="tests/scm/config/objects/test_address.py" line="301" time="0.001" /><testcase classname="tests.scm.config.objects.test_address.TestAddressAPI" name="test_fetch_address_not_found" file="tests/scm/config/objects/test_address.py" line="345" time="0.001" /><testcase classname="tests.scm.config.objects.test_address.TestAddressAPI" name="test_fetch_address_no_name" file="tests/scm/config/objects/test_address.py" line="377" time="0.001" /><testcase classname="tests.scm.config.objects.test_address.TestAddressAPI" name="test_fetch_address_unexpected_response_format" file="tests/scm/config/objects/test_address.py" line="391" time="0.001" /><testcase classname="tests.scm.config.objects.test_address.TestAddressAPI" name="test_delete_referenced_object" file="tests/scm/config/objects/test_address.py" line="411" time="0.001" /><testcase classname="tests.scm.config.objects.test_address.TestAddressValidation" name="test_address_create_model_no_type_provided" file="tests/scm/config/objects/test_address.py" line="485" time="0.001" /><testcase classname="tests.scm.config.objects.test_address.TestAddressValidation" name="test_address_create_model_multiple_types_provided" file="tests/scm/config/objects/test_address.py" line="499" time="0.001" /><testcase classname="tests.scm.config.objects.test_address.TestAddressValidation" name="test_address_create_model_valid" file="tests/scm/config/objects/test_address.py" line="514" time="0.001" /><testcase classname="tests.scm.config.objects.test_address.TestAddressValidation" name="test_address_create_model_invalid_container" file="tests/scm/config/objects/test_address.py" line="526" time="0.001" /><testcase classname="tests.scm.config.objects.test_address.TestAddressValidation" name="test_tag_string_to_list_conversion" file="tests/scm/config/objects/test_address.py" line="541" time="0.001" /><testcase classname="tests.scm.config.objects.test_address.TestAddressValidation" name="test_tag_list_passed_through" file="tests/scm/config/objects/test_address.py" line="560" time="0.001" /><testcase classname="tests.scm.config.objects.test_address.TestAddressValidation" name="test_tag_invalid_type" file="tests/scm/config/objects/test_address.py" line="579" time="0.001" /><testcase classname="tests.scm.config.objects.test_address.TestAddressValidation" name="test_tag_duplicate_items" file="tests/scm/config/objects/test_address.py" line="598" time="0.001" /><testcase classname="tests.scm.config.objects.test_address.TestAddressValidation" name="test_invalid_uuid_format" file="tests/scm/config/objects/test_address.py" line="617" time="0.001" /><testcase classname="tests.scm.config.objects.test_address.TestAddressValidation" name="test_valid_uuid_format" file="tests/scm/config/objects/test_address.py" line="636" time="0.001" /><testcase classname="tests.scm.config.objects.test_address.TestAddressValidation" name="test_create_object_error_handling" file="tests/scm/config/objects/test_address.py" line="654" time="0.001" /><testcase classname="tests.scm.config.objects.test_address.TestAddressValidation" name="test_get_object_error_handling" file="tests/scm/config/objects/test_address.py" line="686" time="0.001" /><testcase classname="tests.scm.config.objects.test_address.TestAddressValidation" name="test_update_object_error_handling" file="tests/scm/config/objects/test_address.py" line="716" time="0.001" /><testcase classname="tests.scm.config.objects.test_address.TestAddressValidation" name="test_list_empty_folder_error" file="tests/scm/config/objects/test_address.py" line="751" time="0.001" /><testcase classname="tests.scm.config.objects.test_address.TestAddressValidation" name="test_list_multiple_containers_error" file="tests/scm/config/objects/test_address.py" line="762" time="0.001" /><testcase classname="tests.scm.config.objects.test_address.TestAddressValidation" name="test_list_with_filters" file="tests/scm/config/objects/test_address.py" line="776" time="0.001" /><testcase classname="tests.scm.config.objects.test_address.TestAddressValidation" name="test_list_error_handling" file="tests/scm/config/objects/test_address.py" line="806" time="0.001" /><testcase classname="tests.scm.config.objects.test_address.TestAddressValidation" name="test_fetch_additional_scenarios" file="tests/scm/config/objects/test_address.py" line="834" time="0.001" /><testcase classname="tests.scm.config.objects.test_address.TestAddressValidation" name="test_fetch_validation_errors" file="tests/scm/config/objects/test_address.py" line="866" time="0.001" /><testcase classname="tests.scm.config.objects.test_address.TestAddressValidation" name="test_delete_error_handling" file="tests/scm/config/objects/test_address.py" line="886" time="0.001" /><testcase classname="tests.scm.config.objects.test_address.TestAddressValidation" name="test_create_generic_exception_handling" file="tests/scm/config/objects/test_address.py" line="916" time="0.001" /><testcase classname="tests.scm.config.objects.test_address.TestAddressValidation" name="test_get_generic_exception_handling" file="tests/scm/config/objects/test_address.py" line="932" time="0.001" /><testcase classname="tests.scm.config.objects.test_address.TestAddressValidation" name="test_update_generic_exception_handling" file="tests/scm/config/objects/test_address.py" line="948" time="0.001" /><testcase classname="tests.scm.config.objects.test_address.TestAddressValidation" name="test_list_generic_exception_handling" file="tests/scm/config/objects/test_address.py" line="969" time="0.001" /><testcase classname="tests.scm.config.objects.test_address.TestAddressValidation" name="test_fetch_generic_exception_handling" file="tests/scm/config/objects/test_address.py" line="983" time="0.001" /><testcase classname="tests.scm.config.objects.test_address.TestAddressValidation" name="test_delete_generic_exception_handling" file="tests/scm/config/objects/test_address.py" line="997" time="0.001" /><testcase classname="tests.scm.config.objects.test_address.TestAddressValidation" name="test_create_malformed_response_handling" file="tests/scm/config/objects/test_address.py" line="1013" time="0.001" /><testcase classname="tests.scm.config.objects.test_address.TestAddressValidation" name="test_fetch_response_format_handling" file="tests/scm/config/objects/test_address.py" line="1028" time="0.001" /><testcase classname="tests.scm.config.objects.test_address.TestAddressValidation" name="test_list_response_format_handling" file="tests/scm/config/objects/test_address.py" line="1054" time="0.001" /><testcase classname="tests.scm.config.objects.test_address.TestAddressValidation" name="test_error_handler_raise_through" file="tests/scm/config/objects/test_address.py" line="1073" time="0.001" /><testcase classname="tests.scm.config.objects.test_address.TestAddressValidation" name="test_list_non_dict_response" file="tests/scm/config/objects/test_address.py" line="1095" time="0.001" /><testcase classname="tests.scm.config.objects.test_address.TestAddressValidation" name="test_fetch_error_handler_json_error" file="tests/scm/config/objects/test_address.py" line="1124" time="0.001" /><testcase classname="tests.scm.config.objects.test_address.TestSuite" name="test_address_create_model_no_type_provided" file="tests/scm/config/objects/test_address.py" line="485" time="0.001" /><testcase classname="tests.scm.config.objects.test_address.TestSuite" name="test_address_create_model_multiple_types_provided" file="tests/scm/config/objects/test_address.py" line="499" time="0.001" /><testcase classname="tests.scm.config.objects.test_address.TestSuite" name="test_address_create_model_valid" file="tests/scm/config/objects/test_address.py" line="514" time="0.001" /><testcase classname="tests.scm.config.objects.test_address.TestSuite" name="test_address_create_model_invalid_container" file="tests/scm/config/objects/test_address.py" line="526" time="0.001" /><testcase classname="tests.scm.config.objects.test_address.TestSuite" name="test_tag_string_to_list_conversion" file="tests/scm/config/objects/test_address.py" line="541" time="0.001" /><testcase classname="tests.scm.config.objects.test_address.TestSuite" name="test_tag_list_passed_through" file="tests/scm/config/objects/test_address.py" line="560" time="0.001" /><testcase classname="tests.scm.config.objects.test_address.TestSuite" name="test_tag_invalid_type" file="tests/scm/config/objects/test_address.py" line="579" time="0.001" /><testcase classname="tests.scm.config.objects.test_address.TestSuite" name="test_tag_duplicate_items" file="tests/scm/config/objects/test_address.py" line="598" time="0.001" /><testcase classname="tests.scm.config.objects.test_address.TestSuite" name="test_invalid_uuid_format" file="tests/scm/config/objects/test_address.py" line="617" time="0.001" /><testcase classname="tests.scm.config.objects.test_address.TestSuite" name="test_valid_uuid_format" file="tests/scm/config/objects/test_address.py" line="636" time="0.001" /><testcase classname="tests.scm.config.objects.test_address.TestSuite" name="test_create_object_error_handling" file="tests/scm/config/objects/test_address.py" line="654" time="0.001" /><testcase classname="tests.scm.config.objects.test_address.TestSuite" name="test_get_object_error_handling" file="tests/scm/config/objects/test_address.py" line="686" time="0.001" /><testcase classname="tests.scm.config.objects.test_address.TestSuite" name="test_update_object_error_handling" file="tests/scm/config/objects/test_address.py" line="716" time="0.001" /><testcase classname="tests.scm.config.objects.test_address.TestSuite" name="test_list_empty_folder_error" file="tests/scm/config/objects/test_address.py" line="751" time="0.001" /><testcase classname="tests.scm.config.objects.test_address.TestSuite" name="test_list_multiple_containers_error" file="tests/scm/config/objects/test_address.py" line="762" time="0.001" /><testcase classname="tests.scm.config.objects.test_address.TestSuite" name="test_list_with_filters" file="tests/scm/config/objects/test_address.py" line="776" time="0.001" /><testcase classname="tests.scm.config.objects.test_address.TestSuite" name="test_list_error_handling" file="tests/scm/config/objects/test_address.py" line="806" time="0.001" /><testcase classname="tests.scm.config.objects.test_address.TestSuite" name="test_fetch_additional_scenarios" file="tests/scm/config/objects/test_address.py" line="834" time="0.001" /><testcase classname="tests.scm.config.objects.test_address.TestSuite" name="test_fetch_validation_errors" file="tests/scm/config/objects/test_address.py" line="866" time="0.001" /><testcase classname="tests.scm.config.objects.test_address.TestSuite" name="test_delete_error_handling" file="tests/scm/config/objects/test_address.py" line="886" time="0.002" /><testcase classname="tests.scm.config.objects.test_address.TestSuite" name="test_create_generic_exception_handling" file="tests/scm/config/objects/test_address.py" line="916" time="0.001" /><testcase classname="tests.scm.config.objects.test_address.TestSuite" name="test_get_generic_exception_handling" file="tests/scm/config/objects/test_address.py" line="932" time="0.001" /><testcase classname="tests.scm.config.objects.test_address.TestSuite" name="test_update_generic_exception_handling" file="tests/scm/config/objects/test_address.py" line="948" time="0.001" /><testcase classname="tests.scm.config.objects.test_address.TestSuite" name="test_list_generic_exception_handling" file="tests/scm/config/objects/test_address.py" line="969" time="0.001" /><testcase classname="tests.scm.config.objects.test_address.TestSuite" name="test_fetch_generic_exception_handling" file="tests/scm/config/objects/test_address.py" line="983" time="0.001" /><testcase classname="tests.scm.config.objects.test_address.TestSuite" name="test_delete_generic_exception_handling" file="tests/scm/config/objects/test_address.py" line="997" time="0.001" /><testcase classname="tests.scm.config.objects.test_address.TestSuite" name="test_create_malformed_response_handling" file="tests/scm/config/objects/test_address.py" line="1013" time="0.017" /><testcase classname="tests.scm.config.objects.test_address.TestSuite" name="test_fetch_response_format_handling" file="tests/scm/config/objects/test_address.py" line="1028" time="0.001" /><testcase classname="tests.scm.config.objects.test_address.TestSuite" name="test_list_response_format_handling" file="tests/scm/config/objects/test_address.py" line="1054" time="0.001" /><testcase classname="tests.scm.config.objects.test_address.TestSuite" name="test_error_handler_raise_through" file="tests/scm/config/objects/test_address.py" line="1073" time="0.001" /><testcase classname="tests.scm.config.objects.test_address.TestSuite" name="test_list_non_dict_response" file="tests/scm/config/objects/test_address.py" line="1095" time="0.001" /><testcase classname="tests.scm.config.objects.test_address.TestSuite" name="test_fetch_error_handler_json_error" file="tests/scm/config/objects/test_address.py" line="1124" time="0.001" /><testcase classname="tests.scm.config.objects.test_address.TestSuite" name="test_list_addresses" file="tests/scm/config/objects/test_address.py" line="50" time="0.001" /><testcase classname="tests.scm.config.objects.test_address.TestSuite" name="test_create_address_of_type_ip_netmask" file="tests/scm/config/objects/test_address.py" line="115" time="0.001" /><testcase classname="tests.scm.config.objects.test_address.TestSuite" name="test_create_address_of_type_fdqn" file="tests/scm/config/objects/test_address.py" line="143" time="0.001" /><testcase classname="tests.scm.config.objects.test_address.TestSuite" name="test_create_address_of_type_ip_range" file="tests/scm/config/objects/test_address.py" line="171" time="0.001" /><testcase classname="tests.scm.config.objects.test_address.TestSuite" name="test_create_address_of_type_ip_wildcard" file="tests/scm/config/objects/test_address.py" line="199" time="0.001" /><testcase classname="tests.scm.config.objects.test_address.TestSuite" name="test_get_address" file="tests/scm/config/objects/test_address.py" line="228" time="0.001" /><testcase classname="tests.scm.config.objects.test_address.TestSuite" name="test_update_address" file="tests/scm/config/objects/test_address.py" line="262" time="0.001" /><testcase classname="tests.scm.config.objects.test_address.TestSuite" name="test_fetch_address" file="tests/scm/config/objects/test_address.py" line="301" time="0.001" /><testcase classname="tests.scm.config.objects.test_address.TestSuite" name="test_fetch_address_not_found" file="tests/scm/config/objects/test_address.py" line="345" time="0.001" /><testcase classname="tests.scm.config.objects.test_address.TestSuite" name="test_fetch_address_no_name" file="tests/scm/config/objects/test_address.py" line="377" time="0.001" /><testcase classname="tests.scm.config.objects.test_address.TestSuite" name="test_fetch_address_unexpected_response_format" file="tests/scm/config/objects/test_address.py" line="391" time="0.001" /><testcase classname="tests.scm.config.objects.test_address.TestSuite" name="test_delete_referenced_object" file="tests/scm/config/objects/test_address.py" line="411" time="0.001" /><testcase classname="tests.scm.config.objects.test_address_group.TestAddressGroupAPI" name="test_list_address_groups" file="tests/scm/config/objects/test_address_group.py" line="36" time="0.001" /><testcase classname="tests.scm.config.objects.test_address_group.TestAddressGroupAPI" name="test_create_address_group_with_dynamic_filter" file="tests/scm/config/objects/test_address_group.py" line="95" time="0.001" /><testcase classname="tests.scm.config.objects.test_address_group.TestAddressGroupAPI" name="test_create_address_group_with_static_entries" file="tests/scm/config/objects/test_address_group.py" line="125" time="0.001" /><testcase classname="tests.scm.config.objects.test_address_group.TestAddressGroupAPI" name="test_get_address_group" file="tests/scm/config/objects/test_address_group.py" line="154" time="0.001" /><testcase classname="tests.scm.config.objects.test_address_group.TestAddressGroupAPI" name="test_update_address_group" file="tests/scm/config/objects/test_address_group.py" line="186" time="0.001" /><testcase classname="tests.scm.config.objects.test_address_group.TestAddressGroupAPI" name="test_fetch_address_group" file="tests/scm/config/objects/test_address_group.py" line="225" time="0.001" /><testcase classname="tests.scm.config.objects.test_address_group.TestAddressGroupAPI" name="test_fetch_address_group_not_found" file="tests/scm/config/objects/test_address_group.py" line="270" time="0.001" /><testcase classname="tests.scm.config.objects.test_address_group.TestAddressGroupAPI" name="test_fetch_address_group_multiple_found" file="tests/scm/config/objects/test_address_group.py" line="305" time="0.001" /><testcase classname="tests.scm.config.objects.test_address_group.TestAddressGroupAPI" name="test_fetch_address_group_no_name" file="tests/scm/config/objects/test_address_group.py" line="346" time="0.001" /><testcase classname="tests.scm.config.objects.test_address_group.TestAddressGroupAPI" name="test_fetch_address_group_multiple_containers" file="tests/scm/config/objects/test_address_group.py" line="362" time="0.001" /><testcase classname="tests.scm.config.objects.test_address_group.TestAddressGroupAPI" name="test_fetch_address_group_unexpected_response_format" file="tests/scm/config/objects/test_address_group.py" line="381" time="0.001" /><testcase classname="tests.scm.config.objects.test_address_group.TestAddressGroupAPI" name="test_fetch_address_group_single_in_data" file="tests/scm/config/objects/test_address_group.py" line="401" time="0.001" /><testcase classname="tests.scm.config.objects.test_address_group.TestAddressGroupValidation" name="test_address_group_list_validation_error" file="tests/scm/config/objects/test_address_group.py" line="451" time="0.001" /><testcase classname="tests.scm.config.objects.test_address_group.TestAddressGroupValidation" name="test_address_group_request_model_no_type_provided" file="tests/scm/config/objects/test_address_group.py" line="461" time="0.001" /><testcase classname="tests.scm.config.objects.test_address_group.TestAddressGroupValidation" name="test_address_group_request_model_both_types_provided" file="tests/scm/config/objects/test_address_group.py" line="474" time="0.001" /><testcase classname="tests.scm.config.objects.test_address_group.TestAddressGroupValidation" name="test_address_group_request_model_no_container_provided" file="tests/scm/config/objects/test_address_group.py" line="490" time="0.001" /><testcase classname="tests.scm.config.objects.test_address_group.TestAddressGroupValidation" name="test_address_group_request_model_multiple_containers_provided" file="tests/scm/config/objects/test_address_group.py" line="503" time="0.001" /><testcase classname="tests.scm.config.objects.test_address_group.TestAddressGroupValidation" name="test_address_group_type_validation" file="tests/scm/config/objects/test_address_group.py" line="518" time="0.001" /><testcase classname="tests.scm.config.objects.test_address_group.TestAddressGroupValidation" name="test_address_group_container_validation_comprehensive" file="tests/scm/config/objects/test_address_group.py" line="566" time="0.001" /><testcase classname="tests.scm.config.objects.test_address_group.TestAddressGroupValidation" name="test_address_group_response_model_invalid_uuid" file="tests/scm/config/objects/test_address_group.py" line="602" time="0.001" /><testcase classname="tests.scm.config.objects.test_address_group.TestAddressGroupValidation" name="test_address_group_request_model_with_device_container" file="tests/scm/config/objects/test_address_group.py" line="618" time="0.001" /><testcase classname="tests.scm.config.objects.test_address_group.TestAddressGroupValidation" name="test_address_group_request_model_with_snippet_container" file="tests/scm/config/objects/test_address_group.py" line="630" time="0.001" /><testcase classname="tests.scm.config.objects.test_address_group.TestAddressGroupValidation" name="test_address_group_type_validation_all_cases" file="tests/scm/config/objects/test_address_group.py" line="642" time="0.001" /><testcase classname="tests.scm.config.objects.test_address_group.TestAddressGroupValidation" name="test_address_group_response_model_validation" file="tests/scm/config/objects/test_address_group.py" line="689" time="0.001" /><testcase classname="tests.scm.config.objects.test_address_group.TestAddressGroupFilters" name="test_address_group_list_with_filters" file="tests/scm/config/objects/test_address_group.py" line="744" time="0.001" /><testcase classname="tests.scm.config.objects.test_address_group.TestAddressGroupFilters" name="test_address_group_list_with_types_filter" file="tests/scm/config/objects/test_address_group.py" line="782" time="0.001" /><testcase classname="tests.scm.config.objects.test_address_group.TestAddressGroupFilters" name="test_address_group_list_with_values_filter" file="tests/scm/config/objects/test_address_group.py" line="820" time="0.001" /><testcase classname="tests.scm.config.objects.test_address_group.TestSuite" name="test_address_group_list_with_filters" file="tests/scm/config/objects/test_address_group.py" line="744" time="0.001" /><testcase classname="tests.scm.config.objects.test_address_group.TestSuite" name="test_address_group_list_with_types_filter" file="tests/scm/config/objects/test_address_group.py" line="782" time="0.001" /><testcase classname="tests.scm.config.objects.test_address_group.TestSuite" name="test_address_group_list_with_values_filter" file="tests/scm/config/objects/test_address_group.py" line="820" time="0.001" /><testcase classname="tests.scm.config.objects.test_address_group.TestSuite" name="test_address_group_list_validation_error" file="tests/scm/config/objects/test_address_group.py" line="451" time="0.001" /><testcase classname="tests.scm.config.objects.test_address_group.TestSuite" name="test_address_group_request_model_no_type_provided" file="tests/scm/config/objects/test_address_group.py" line="461" time="0.001" /><testcase classname="tests.scm.config.objects.test_address_group.TestSuite" name="test_address_group_request_model_both_types_provided" file="tests/scm/config/objects/test_address_group.py" line="474" time="0.001" /><testcase classname="tests.scm.config.objects.test_address_group.TestSuite" name="test_address_group_request_model_no_container_provided" file="tests/scm/config/objects/test_address_group.py" line="490" time="0.001" /><testcase classname="tests.scm.config.objects.test_address_group.TestSuite" name="test_address_group_request_model_multiple_containers_provided" file="tests/scm/config/objects/test_address_group.py" line="503" time="0.001" /><testcase classname="tests.scm.config.objects.test_address_group.TestSuite" name="test_address_group_type_validation" file="tests/scm/config/objects/test_address_group.py" line="518" time="0.001" /><testcase classname="tests.scm.config.objects.test_address_group.TestSuite" name="test_address_group_container_validation_comprehensive" file="tests/scm/config/objects/test_address_group.py" line="566" time="0.001" /><testcase classname="tests.scm.config.objects.test_address_group.TestSuite" name="test_address_group_response_model_invalid_uuid" file="tests/scm/config/objects/test_address_group.py" line="602" time="0.001" /><testcase classname="tests.scm.config.objects.test_address_group.TestSuite" name="test_address_group_request_model_with_device_container" file="tests/scm/config/objects/test_address_group.py" line="618" time="0.001" /><testcase classname="tests.scm.config.objects.test_address_group.TestSuite" name="test_address_group_request_model_with_snippet_container" file="tests/scm/config/objects/test_address_group.py" line="630" time="0.001" /><testcase classname="tests.scm.config.objects.test_address_group.TestSuite" name="test_address_group_type_validation_all_cases" file="tests/scm/config/objects/test_address_group.py" line="642" time="0.001" /><testcase classname="tests.scm.config.objects.test_address_group.TestSuite" name="test_address_group_response_model_validation" file="tests/scm/config/objects/test_address_group.py" line="689" time="0.001" /><testcase classname="tests.scm.config.objects.test_address_group.TestSuite" name="test_list_address_groups" file="tests/scm/config/objects/test_address_group.py" line="36" time="0.001" /><testcase classname="tests.scm.config.objects.test_address_group.TestSuite" name="test_create_address_group_with_dynamic_filter" file="tests/scm/config/objects/test_address_group.py" line="95" time="0.001" /><testcase classname="tests.scm.config.objects.test_address_group.TestSuite" name="test_create_address_group_with_static_entries" file="tests/scm/config/objects/test_address_group.py" line="125" time="0.001" /><testcase classname="tests.scm.config.objects.test_address_group.TestSuite" name="test_get_address_group" file="tests/scm/config/objects/test_address_group.py" line="154" time="0.001" /><testcase classname="tests.scm.config.objects.test_address_group.TestSuite" name="test_update_address_group" file="tests/scm/config/objects/test_address_group.py" line="186" time="0.001" /><testcase classname="tests.scm.config.objects.test_address_group.TestSuite" name="test_fetch_address_group" file="tests/scm/config/objects/test_address_group.py" line="225" time="0.001" /><testcase classname="tests.scm.config.objects.test_address_group.TestSuite" name="test_fetch_address_group_not_found" file="tests/scm/config/objects/test_address_group.py" line="270" time="0.001" /><testcase classname="tests.scm.config.objects.test_address_group.TestSuite" name="test_fetch_address_group_multiple_found" file="tests/scm/config/objects/test_address_group.py" line="305" time="0.001" /><testcase classname="tests.scm.config.objects.test_address_group.TestSuite" name="test_fetch_address_group_no_name" file="tests/scm/config/objects/test_address_group.py" line="346" time="0.001" /><testcase classname="tests.scm.config.objects.test_address_group.TestSuite" name="test_fetch_address_group_multiple_containers" file="tests/scm/config/objects/test_address_group.py" line="362" time="0.001" /><testcase classname="tests.scm.config.objects.test_address_group.TestSuite" name="test_fetch_address_group_unexpected_response_format" file="tests/scm/config/objects/test_address_group.py" line="381" time="0.001" /><testcase classname="tests.scm.config.objects.test_address_group.TestSuite" name="test_fetch_address_group_single_in_data" file="tests/scm/config/objects/test_address_group.py" line="401" time="0.001" /><testcase classname="tests.scm.config.objects.test_application.TestApplicationAPI" name="test_list_applications" file="tests/scm/config/objects/test_application.py" line="31" time="0.022" /><testcase classname="tests.scm.config.objects.test_application.TestApplicationAPI" name="test_create_application" file="tests/scm/config/objects/test_application.py" line="83" time="0.001" /><testcase classname="tests.scm.config.objects.test_application.TestApplicationAPI" name="test_get_application" file="tests/scm/config/objects/test_application.py" line="110" time="0.001" /><testcase classname="tests.scm.config.objects.test_application.TestApplicationAPI" name="test_update_with_invalid_data" file="tests/scm/config/objects/test_application.py" line="140" time="0.001" /><testcase classname="tests.scm.config.objects.test_application.TestApplicationAPI" name="test_fetch_empty_name" file="tests/scm/config/objects/test_application.py" line="155" time="0.001" /><testcase classname="tests.scm.config.objects.test_application.TestApplicationAPI" name="test_fetch_container_validation" file="tests/scm/config/objects/test_application.py" line="168" time="0.001" /><testcase classname="tests.scm.config.objects.test_application.TestApplicationAPI" name="test_fetch_response_handling" file="tests/scm/config/objects/test_application.py" line="187" time="0.001" /><testcase classname="tests.scm.config.objects.test_application.TestApplicationAPI" name="test_payload_construction" file="tests/scm/config/objects/test_application.py" line="213" time="0.001" /><testcase classname="tests.scm.config.objects.test_application.TestApplicationValidation" name="test_application_list_validation_error" file="tests/scm/config/objects/test_application.py" line="267" time="0.001" /><testcase classname="tests.scm.config.objects.test_application.TestApplicationValidation" name="test_application_request_model_no_container_provided" file="tests/scm/config/objects/test_application.py" line="277" time="0.001" /><testcase classname="tests.scm.config.objects.test_application.TestApplicationValidation" name="test_application_request_model_multiple_containers_provided" file="tests/scm/config/objects/test_application.py" line="292" time="0.001" /><testcase classname="tests.scm.config.objects.test_application.TestApplicationValidation" name="test_application_model_required_fields" file="tests/scm/config/objects/test_application.py" line="309" time="0.001" /><testcase classname="tests.scm.config.objects.test_application.TestApplicationFilters" name="test_application_list_with_types_filter" file="tests/scm/config/objects/test_application.py" line="325" time="0.001" /><testcase classname="tests.scm.config.objects.test_application.TestApplicationFilters" name="test_application_list_with_values_filter" file="tests/scm/config/objects/test_application.py" line="363" time="0.001" /><testcase classname="tests.scm.config.objects.test_application.TestSuite" name="test_application_list_with_types_filter" file="tests/scm/config/objects/test_application.py" line="325" time="0.001" /><testcase classname="tests.scm.config.objects.test_application.TestSuite" name="test_application_list_with_values_filter" file="tests/scm/config/objects/test_application.py" line="363" time="0.001" /><testcase classname="tests.scm.config.objects.test_application.TestSuite" name="test_application_list_validation_error" file="tests/scm/config/objects/test_application.py" line="267" time="0.001" /><testcase classname="tests.scm.config.objects.test_application.TestSuite" name="test_application_request_model_no_container_provided" file="tests/scm/config/objects/test_application.py" line="277" time="0.001" /><testcase classname="tests.scm.config.objects.test_application.TestSuite" name="test_application_request_model_multiple_containers_provided" file="tests/scm/config/objects/test_application.py" line="292" time="0.001" /><testcase classname="tests.scm.config.objects.test_application.TestSuite" name="test_application_model_required_fields" file="tests/scm/config/objects/test_application.py" line="309" time="0.001" /><testcase classname="tests.scm.config.objects.test_application.TestSuite" name="test_list_applications" file="tests/scm/config/objects/test_application.py" line="31" time="0.001" /><testcase classname="tests.scm.config.objects.test_application.TestSuite" name="test_create_application" file="tests/scm/config/objects/test_application.py" line="83" time="0.001" /><testcase classname="tests.scm.config.objects.test_application.TestSuite" name="test_get_application" file="tests/scm/config/objects/test_application.py" line="110" time="0.001" /><testcase classname="tests.scm.config.objects.test_application.TestSuite" name="test_update_with_invalid_data" file="tests/scm/config/objects/test_application.py" line="140" time="0.001" /><testcase classname="tests.scm.config.objects.test_application.TestSuite" name="test_fetch_empty_name" file="tests/scm/config/objects/test_application.py" line="155" time="0.001" /><testcase classname="tests.scm.config.objects.test_application.TestSuite" name="test_fetch_container_validation" file="tests/scm/config/objects/test_application.py" line="168" time="0.001" /><testcase classname="tests.scm.config.objects.test_application.TestSuite" name="test_fetch_response_handling" file="tests/scm/config/objects/test_application.py" line="187" time="0.001" /><testcase classname="tests.scm.config.objects.test_application.TestSuite" name="test_payload_construction" file="tests/scm/config/objects/test_application.py" line="213" time="0.001" /><testcase classname="tests.scm.config.objects.test_application_group.TestApplicationGroupAPI" name="test_list_application_groups" file="tests/scm/config/objects/test_application_group.py" line="31" time="0.001" /><testcase classname="tests.scm.config.objects.test_application_group.TestApplicationGroupAPI" name="test_create_application_group" file="tests/scm/config/objects/test_application_group.py" line="86" time="0.001" /><testcase classname="tests.scm.config.objects.test_application_group.TestApplicationGroupAPI" name="test_get_application_group" file="tests/scm/config/objects/test_application_group.py" line="112" time="0.001" /><testcase classname="tests.scm.config.objects.test_application_group.TestApplicationGroupAPI" name="test_update_application_group" file="tests/scm/config/objects/test_application_group.py" line="139" time="0.001" /><testcase classname="tests.scm.config.objects.test_application_group.TestApplicationGroupValidation" name="test_list_validation_error" file="tests/scm/config/objects/test_application_group.py" line="202" time="0.001" /><testcase classname="tests.scm.config.objects.test_application_group.TestApplicationGroupValidation" name="test_request_model_no_container" file="tests/scm/config/objects/test_application_group.py" line="211" time="0.001" /><testcase classname="tests.scm.config.objects.test_application_group.TestApplicationGroupValidation" name="test_request_model_multiple_containers" file="tests/scm/config/objects/test_application_group.py" line="224" time="0.001" /><testcase classname="tests.scm.config.objects.test_application_group.TestApplicationGroupValidation" name="test_response_model_invalid_uuid" file="tests/scm/config/objects/test_application_group.py" line="239" time="0.001" /><testcase classname="tests.scm.config.objects.test_application_group.TestApplicationGroupValidation" name="test_list_with_filters" file="tests/scm/config/objects/test_application_group.py" line="254" time="0.001" /><testcase classname="tests.scm.config.objects.test_application_group.TestApplicationGroupFetch" name="test_fetch_application_group_success" file="tests/scm/config/objects/test_application_group.py" line="290" time="0.001" /><testcase classname="tests.scm.config.objects.test_application_group.TestApplicationGroupFetch" name="test_fetch_empty_name" file="tests/scm/config/objects/test_application_group.py" line="324" time="0.001" /><testcase classname="tests.scm.config.objects.test_application_group.TestApplicationGroupFetch" name="test_fetch_container_validation" file="tests/scm/config/objects/test_application_group.py" line="337" time="0.001" /><testcase classname="tests.scm.config.objects.test_application_group.TestApplicationGroupFetch" name="test_fetch_with_additional_filters" file="tests/scm/config/objects/test_application_group.py" line="373" time="0.001" /><testcase classname="tests.scm.config.objects.test_application_group.TestApplicationGroupFetch" name="test_fetch_response_transformation" file="tests/scm/config/objects/test_application_group.py" line="406" time="0.001" /><testcase classname="tests.scm.config.objects.test_application_group.TestApplicationGroupFetch" name="test_fetch_with_different_containers" file="tests/scm/config/objects/test_application_group.py" line="437" time="0.001" /><testcase classname="tests.scm.config.objects.test_application_group.TestSuite" name="test_fetch_application_group_success" file="tests/scm/config/objects/test_application_group.py" line="290" time="0.001" /><testcase classname="tests.scm.config.objects.test_application_group.TestSuite" name="test_fetch_empty_name" file="tests/scm/config/objects/test_application_group.py" line="324" time="0.001" /><testcase classname="tests.scm.config.objects.test_application_group.TestSuite" name="test_fetch_container_validation" file="tests/scm/config/objects/test_application_group.py" line="337" time="0.001" /><testcase classname="tests.scm.config.objects.test_application_group.TestSuite" name="test_fetch_with_additional_filters" file="tests/scm/config/objects/test_application_group.py" line="373" time="0.001" /><testcase classname="tests.scm.config.objects.test_application_group.TestSuite" name="test_fetch_response_transformation" file="tests/scm/config/objects/test_application_group.py" line="406" time="0.001" /><testcase classname="tests.scm.config.objects.test_application_group.TestSuite" name="test_fetch_with_different_containers" file="tests/scm/config/objects/test_application_group.py" line="437" time="0.001" /><testcase classname="tests.scm.config.objects.test_application_group.TestSuite" name="test_list_validation_error" file="tests/scm/config/objects/test_application_group.py" line="202" time="0.001" /><testcase classname="tests.scm.config.objects.test_application_group.TestSuite" name="test_request_model_no_container" file="tests/scm/config/objects/test_application_group.py" line="211" time="0.001" /><testcase classname="tests.scm.config.objects.test_application_group.TestSuite" name="test_request_model_multiple_containers" file="tests/scm/config/objects/test_application_group.py" line="224" time="0.001" /><testcase classname="tests.scm.config.objects.test_application_group.TestSuite" name="test_response_model_invalid_uuid" file="tests/scm/config/objects/test_application_group.py" line="239" time="0.001" /><testcase classname="tests.scm.config.objects.test_application_group.TestSuite" name="test_list_with_filters" file="tests/scm/config/objects/test_application_group.py" line="254" time="0.001" /><testcase classname="tests.scm.config.objects.test_application_group.TestSuite" name="test_list_application_groups" file="tests/scm/config/objects/test_application_group.py" line="31" time="0.001" /><testcase classname="tests.scm.config.objects.test_application_group.TestSuite" name="test_create_application_group" file="tests/scm/config/objects/test_application_group.py" line="86" time="0.001" /><testcase classname="tests.scm.config.objects.test_application_group.TestSuite" name="test_get_application_group" file="tests/scm/config/objects/test_application_group.py" line="112" time="0.001" /><testcase classname="tests.scm.config.objects.test_application_group.TestSuite" name="test_update_application_group" file="tests/scm/config/objects/test_application_group.py" line="139" time="0.001" /><testcase classname="tests.scm.config.objects.test_service.TestServiceAPI" name="test_list_services" file="tests/scm/config/objects/test_service.py" line="30" time="0.001" /><testcase classname="tests.scm.config.objects.test_service.TestServiceAPI" name="test_create_service" file="tests/scm/config/objects/test_service.py" line="86" time="0.002" /><testcase classname="tests.scm.config.objects.test_service.TestServiceAPI" name="test_get_service" file="tests/scm/config/objects/test_service.py" line="114" time="0.001" /><testcase classname="tests.scm.config.objects.test_service.TestServiceAPI" name="test_update_service" file="tests/scm/config/objects/test_service.py" line="147" time="0.001" /><testcase classname="tests.scm.config.objects.test_service.TestServiceAPI" name="test_fetch_service_success" file="tests/scm/config/objects/test_service.py" line="206" time="0.001" /><testcase classname="tests.scm.config.objects.test_service.TestServiceAPI" name="test_fetch_empty_name" file="tests/scm/config/objects/test_service.py" line="242" time="0.001" /><testcase classname="tests.scm.config.objects.test_service.TestServiceAPI" name="test_fetch_container_validation" file="tests/scm/config/objects/test_service.py" line="255" time="0.001" /><testcase classname="tests.scm.config.objects.test_service.TestServiceAPI" name="test_fetch_with_additional_filters" file="tests/scm/config/objects/test_service.py" line="293" time="0.001" /><testcase classname="tests.scm.config.objects.test_service.TestServiceAPI" name="test_fetch_response_transformation" file="tests/scm/config/objects/test_service.py" line="330" time="0.001" /><testcase classname="tests.scm.config.objects.test_service.TestServiceAPI" name="test_fetch_with_different_containers" file="tests/scm/config/objects/test_service.py" line="362" time="0.001" /><testcase classname="tests.scm.config.objects.test_service.TestServiceAPI" name="test_fetch_udp_protocol" file="tests/scm/config/objects/test_service.py" line="397" time="0.001" /><testcase classname="tests.scm.config.objects.test_service.TestServiceValidation" name="test_service_list_validation_error" file="tests/scm/config/objects/test_service.py" line="425" time="0.001" /><testcase classname="tests.scm.config.objects.test_service.TestServiceValidation" name="test_service_request_model_invalid_uuid" file="tests/scm/config/objects/test_service.py" line="435" time="0.001" /><testcase classname="tests.scm.config.objects.test_service.TestServiceValidation" name="test_service_request_model_no_protocol_provided" file="tests/scm/config/objects/test_service.py" line="448" time="0.001" /><testcase classname="tests.scm.config.objects.test_service.TestServiceValidation" name="test_service_request_model_multiple_protocols_provided" file="tests/scm/config/objects/test_service.py" line="458" time="0.001" /><testcase classname="tests.scm.config.objects.test_service.TestServiceValidation" name="test_service_request_model_no_container_provided" file="tests/scm/config/objects/test_service.py" line="474" time="0.027" /><testcase classname="tests.scm.config.objects.test_service.TestServiceValidation" name="test_service_request_model_multiple_containers_provided" file="tests/scm/config/objects/test_service.py" line="487" time="0.001" /><testcase classname="tests.scm.config.objects.test_service.TestServiceValidation" name="test_service_request_model_with_device_container" file="tests/scm/config/objects/test_service.py" line="502" time="0.001" /><testcase classname="tests.scm.config.objects.test_service.TestServiceValidation" name="test_service_request_model_multiple_containers_with_device" file="tests/scm/config/objects/test_service.py" line="512" time="0.001" /><testcase classname="tests.scm.config.objects.test_service.TestServiceFilters" name="test_service_list_with_filters" file="tests/scm/config/objects/test_service.py" line="531" time="0.001" /><testcase classname="tests.scm.config.objects.test_service.TestSuite" name="test_service_list_with_filters" file="tests/scm/config/objects/test_service.py" line="531" time="0.001" /><testcase classname="tests.scm.config.objects.test_service.TestSuite" name="test_service_list_validation_error" file="tests/scm/config/objects/test_service.py" line="425" time="0.001" /><testcase classname="tests.scm.config.objects.test_service.TestSuite" name="test_service_request_model_invalid_uuid" file="tests/scm/config/objects/test_service.py" line="435" time="0.001" /><testcase classname="tests.scm.config.objects.test_service.TestSuite" name="test_service_request_model_no_protocol_provided" file="tests/scm/config/objects/test_service.py" line="448" time="0.001" /><testcase classname="tests.scm.config.objects.test_service.TestSuite" name="test_service_request_model_multiple_protocols_provided" file="tests/scm/config/objects/test_service.py" line="458" time="0.001" /><testcase classname="tests.scm.config.objects.test_service.TestSuite" name="test_service_request_model_no_container_provided" file="tests/scm/config/objects/test_service.py" line="474" time="0.001" /><testcase classname="tests.scm.config.objects.test_service.TestSuite" name="test_service_request_model_multiple_containers_provided" file="tests/scm/config/objects/test_service.py" line="487" time="0.001" /><testcase classname="tests.scm.config.objects.test_service.TestSuite" name="test_service_request_model_with_device_container" file="tests/scm/config/objects/test_service.py" line="502" time="0.001" /><testcase classname="tests.scm.config.objects.test_service.TestSuite" name="test_service_request_model_multiple_containers_with_device" file="tests/scm/config/objects/test_service.py" line="512" time="0.001" /><testcase classname="tests.scm.config.objects.test_service.TestSuite" name="test_list_services" file="tests/scm/config/objects/test_service.py" line="30" time="0.001" /><testcase classname="tests.scm.config.objects.test_service.TestSuite" name="test_create_service" file="tests/scm/config/objects/test_service.py" line="86" time="0.001" /><testcase classname="tests.scm.config.objects.test_service.TestSuite" name="test_get_service" file="tests/scm/config/objects/test_service.py" line="114" time="0.001" /><testcase classname="tests.scm.config.objects.test_service.TestSuite" name="test_update_service" file="tests/scm/config/objects/test_service.py" line="147" time="0.001" /><testcase classname="tests.scm.config.objects.test_service.TestSuite" name="test_fetch_service_success" file="tests/scm/config/objects/test_service.py" line="206" time="0.001" /><testcase classname="tests.scm.config.objects.test_service.TestSuite" name="test_fetch_empty_name" file="tests/scm/config/objects/test_service.py" line="242" time="0.001" /><testcase classname="tests.scm.config.objects.test_service.TestSuite" name="test_fetch_container_validation" file="tests/scm/config/objects/test_service.py" line="255" time="0.001" /><testcase classname="tests.scm.config.objects.test_service.TestSuite" name="test_fetch_with_additional_filters" file="tests/scm/config/objects/test_service.py" line="293" time="0.001" /><testcase classname="tests.scm.config.objects.test_service.TestSuite" name="test_fetch_response_transformation" file="tests/scm/config/objects/test_service.py" line="330" time="0.001" /><testcase classname="tests.scm.config.objects.test_service.TestSuite" name="test_fetch_with_different_containers" file="tests/scm/config/objects/test_service.py" line="362" time="0.001" /><testcase classname="tests.scm.config.objects.test_service.TestSuite" name="test_fetch_udp_protocol" file="tests/scm/config/objects/test_service.py" line="397" time="0.001" /><testcase classname="tests.scm.config.security.test_anti_spyware_profile.TestAntiSpywareProfileAPI" name="test_list_anti_spyware_profiles" file="tests/scm/config/security/test_anti_spyware_profile.py" line="42" time="0.001" /><testcase classname="tests.scm.config.security.test_anti_spyware_profile.TestAntiSpywareProfileAPI" name="test_create_anti_spyware_profile" file="tests/scm/config/security/test_anti_spyware_profile.py" line="104" time="0.001" /><testcase classname="tests.scm.config.security.test_anti_spyware_profile.TestAntiSpywareProfileAPI" name="test_get_anti_spyware_profile" file="tests/scm/config/security/test_anti_spyware_profile.py" line="125" time="0.001" /><testcase classname="tests.scm.config.security.test_anti_spyware_profile.TestAntiSpywareProfileAPI" name="test_update_anti_spyware_profile" file="tests/scm/config/security/test_anti_spyware_profile.py" line="148" time="0.001" /><testcase classname="tests.scm.config.security.test_anti_spyware_profile.TestAntiSpywareProfileAPI" name="test_delete_anti_spyware_profile" file="tests/scm/config/security/test_anti_spyware_profile.py" line="184" time="0.001" /><testcase classname="tests.scm.config.security.test_anti_spyware_profile.TestAntiSpywareProfileAPI" name="test_fetch_anti_spyware_profile_success" file="tests/scm/config/security/test_anti_spyware_profile.py" line="192" time="0.001" /><testcase classname="tests.scm.config.security.test_anti_spyware_profile.TestAntiSpywareProfileAPI" name="test_fetch_anti_spyware_profile_empty_name" file="tests/scm/config/security/test_anti_spyware_profile.py" line="235" time="0.001" /><testcase classname="tests.scm.config.security.test_anti_spyware_profile.TestAntiSpywareProfileAPI" name="test_fetch_anti_spyware_profile_container_validation" file="tests/scm/config/security/test_anti_spyware_profile.py" line="250" time="0.001" /><testcase classname="tests.scm.config.security.test_anti_spyware_profile.TestAntiSpywareProfileAPI" name="test_fetch_anti_spyware_profile_with_filters" file="tests/scm/config/security/test_anti_spyware_profile.py" line="277" time="0.001" /><testcase classname="tests.scm.config.security.test_anti_spyware_profile.TestAntiSpywareProfileAPI" name="test_fetch_anti_spyware_profile_with_different_containers" file="tests/scm/config/security/test_anti_spyware_profile.py" line="323" time="0.001" /><testcase classname="tests.scm.config.security.test_anti_spyware_profile.TestAntiSpywareProfileValidation" name="test_anti_spyware_profile_list_validation_error" file="tests/scm/config/security/test_anti_spyware_profile.py" line="371" time="0.001" /><testcase classname="tests.scm.config.security.test_anti_spyware_profile.TestAntiSpywareProfileValidation" name="test_anti_spyware_profile_request_model_validation_errors" file="tests/scm/config/security/test_anti_spyware_profile.py" line="380" time="0.001" /><testcase classname="tests.scm.config.security.test_anti_spyware_profile.TestAntiSpywareProfileValidation" name="test_rule_request_model_validation" file="tests/scm/config/security/test_anti_spyware_profile.py" line="408" time="0.001" /><testcase classname="tests.scm.config.security.test_anti_spyware_profile.TestAntiSpywareProfileValidation" name="test_threat_exception_request_model_validation" file="tests/scm/config/security/test_anti_spyware_profile.py" line="419" time="0.001" /><testcase classname="tests.scm.config.security.test_anti_spyware_profile.TestAntiSpywareProfileValidation" name="test_anti_spyware_profile_response_model_invalid_uuid" file="tests/scm/config/security/test_anti_spyware_profile.py" line="431" time="0.001" /><testcase classname="tests.scm.config.security.test_anti_spyware_profile.TestAntiSpywareProfileValidation" name="test_anti_spyware_profile_update_model_id_validation" file="tests/scm/config/security/test_anti_spyware_profile.py" line="497" time="0.001" /><testcase classname="tests.scm.config.security.test_anti_spyware_profile.TestAntiSpywareProfilePagination" name="test_list_anti_spyware_profiles_with_pagination" file="tests/scm/config/security/test_anti_spyware_profile.py" line="547" time="0.001" /><testcase classname="tests.scm.config.security.test_anti_spyware_profile.TestAntiSpywareProfilePagination" name="test_list_anti_spyware_profiles_with_invalid_pagination" file="tests/scm/config/security/test_anti_spyware_profile.py" line="576" time="0.001" /><testcase classname="tests.scm.config.security.test_anti_spyware_profile.TestAntiSpywareProfileFilters" name="test_list_anti_spyware_profiles_with_name_filter" file="tests/scm/config/security/test_anti_spyware_profile.py" line="591" time="0.001" /><testcase classname="tests.scm.config.security.test_anti_spyware_profile.TestAntiSpywareProfileFilters" name="test_list_anti_spyware_profiles_with_all_parameters" file="tests/scm/config/security/test_anti_spyware_profile.py" line="619" time="0.001" /><testcase classname="tests.scm.config.security.test_anti_spyware_profile.TestAntiSpywareProfileActions" name="test_action_request_check_and_transform_action" file="tests/scm/config/security/test_anti_spyware_profile.py" line="652" time="0.001" /><testcase classname="tests.scm.config.security.test_anti_spyware_profile.TestAntiSpywareProfileActions" name="test_action_request_get_action_name" file="tests/scm/config/security/test_anti_spyware_profile.py" line="680" time="0.001" /><testcase classname="tests.scm.config.security.test_anti_spyware_profile.TestAntiSpywareProfileActions" name="test_action_response_check_action" file="tests/scm/config/security/test_anti_spyware_profile.py" line="688" time="0.001" /><testcase classname="tests.scm.config.security.test_anti_spyware_profile.TestAntiSpywareProfileActions" name="test_action_response_get_action_name" file="tests/scm/config/security/test_anti_spyware_profile.py" line="714" time="0.001" /><testcase classname="tests.scm.config.security.test_anti_spyware_profile.TestAntiSpywareProfileActions" name="test_anti_spyware_profile_response_model_invalid_uuid" file="tests/scm/config/security/test_anti_spyware_profile.py" line="725" time="0.001" /><testcase classname="tests.scm.config.security.test_anti_spyware_profile.TestSuite" name="test_action_request_check_and_transform_action" file="tests/scm/config/security/test_anti_spyware_profile.py" line="652" time="0.001" /><testcase classname="tests.scm.config.security.test_anti_spyware_profile.TestSuite" name="test_action_request_get_action_name" file="tests/scm/config/security/test_anti_spyware_profile.py" line="680" time="0.001" /><testcase classname="tests.scm.config.security.test_anti_spyware_profile.TestSuite" name="test_action_response_check_action" file="tests/scm/config/security/test_anti_spyware_profile.py" line="688" time="0.001" /><testcase classname="tests.scm.config.security.test_anti_spyware_profile.TestSuite" name="test_action_response_get_action_name" file="tests/scm/config/security/test_anti_spyware_profile.py" line="714" time="0.001" /><testcase classname="tests.scm.config.security.test_anti_spyware_profile.TestSuite" name="test_list_anti_spyware_profiles_with_name_filter" file="tests/scm/config/security/test_anti_spyware_profile.py" line="591" time="0.001" /><testcase classname="tests.scm.config.security.test_anti_spyware_profile.TestSuite" name="test_list_anti_spyware_profiles_with_all_parameters" file="tests/scm/config/security/test_anti_spyware_profile.py" line="619" time="0.001" /><testcase classname="tests.scm.config.security.test_anti_spyware_profile.TestSuite" name="test_list_anti_spyware_profiles_with_pagination" file="tests/scm/config/security/test_anti_spyware_profile.py" line="547" time="0.001" /><testcase classname="tests.scm.config.security.test_anti_spyware_profile.TestSuite" name="test_list_anti_spyware_profiles_with_invalid_pagination" file="tests/scm/config/security/test_anti_spyware_profile.py" line="576" time="0.001" /><testcase classname="tests.scm.config.security.test_anti_spyware_profile.TestSuite" name="test_anti_spyware_profile_list_validation_error" file="tests/scm/config/security/test_anti_spyware_profile.py" line="371" time="0.001" /><testcase classname="tests.scm.config.security.test_anti_spyware_profile.TestSuite" name="test_anti_spyware_profile_request_model_validation_errors" file="tests/scm/config/security/test_anti_spyware_profile.py" line="380" time="0.001" /><testcase classname="tests.scm.config.security.test_anti_spyware_profile.TestSuite" name="test_rule_request_model_validation" file="tests/scm/config/security/test_anti_spyware_profile.py" line="408" time="0.001" /><testcase classname="tests.scm.config.security.test_anti_spyware_profile.TestSuite" name="test_threat_exception_request_model_validation" file="tests/scm/config/security/test_anti_spyware_profile.py" line="419" time="0.001" /><testcase classname="tests.scm.config.security.test_anti_spyware_profile.TestSuite" name="test_anti_spyware_profile_response_model_invalid_uuid" file="tests/scm/config/security/test_anti_spyware_profile.py" line="431" time="0.001" /><testcase classname="tests.scm.config.security.test_anti_spyware_profile.TestSuite" name="test_anti_spyware_profile_update_model_id_validation" file="tests/scm/config/security/test_anti_spyware_profile.py" line="497" time="0.001" /><testcase classname="tests.scm.config.security.test_anti_spyware_profile.TestSuite" name="test_list_anti_spyware_profiles" file="tests/scm/config/security/test_anti_spyware_profile.py" line="42" time="0.001" /><testcase classname="tests.scm.config.security.test_anti_spyware_profile.TestSuite" name="test_create_anti_spyware_profile" file="tests/scm/config/security/test_anti_spyware_profile.py" line="104" time="0.001" /><testcase classname="tests.scm.config.security.test_anti_spyware_profile.TestSuite" name="test_get_anti_spyware_profile" file="tests/scm/config/security/test_anti_spyware_profile.py" line="125" time="0.001" /><testcase classname="tests.scm.config.security.test_anti_spyware_profile.TestSuite" name="test_update_anti_spyware_profile" file="tests/scm/config/security/test_anti_spyware_profile.py" line="148" time="0.001" /><testcase classname="tests.scm.config.security.test_anti_spyware_profile.TestSuite" name="test_delete_anti_spyware_profile" file="tests/scm/config/security/test_anti_spyware_profile.py" line="184" time="0.001" /><testcase classname="tests.scm.config.security.test_anti_spyware_profile.TestSuite" name="test_fetch_anti_spyware_profile_success" file="tests/scm/config/security/test_anti_spyware_profile.py" line="192" time="0.001" /><testcase classname="tests.scm.config.security.test_anti_spyware_profile.TestSuite" name="test_fetch_anti_spyware_profile_empty_name" file="tests/scm/config/security/test_anti_spyware_profile.py" line="235" time="0.001" /><testcase classname="tests.scm.config.security.test_anti_spyware_profile.TestSuite" name="test_fetch_anti_spyware_profile_container_validation" file="tests/scm/config/security/test_anti_spyware_profile.py" line="250" time="0.001" /><testcase classname="tests.scm.config.security.test_anti_spyware_profile.TestSuite" name="test_fetch_anti_spyware_profile_with_filters" file="tests/scm/config/security/test_anti_spyware_profile.py" line="277" time="0.001" /><testcase classname="tests.scm.config.security.test_anti_spyware_profile.TestSuite" name="test_fetch_anti_spyware_profile_with_different_containers" file="tests/scm/config/security/test_anti_spyware_profile.py" line="323" time="0.032" /><testcase classname="tests.scm.config.security.test_decryption_profile.TestDecryptionProfileAPI" name="test_list_decryption_profiles" file="tests/scm/config/security/test_decryption_profile.py" line="34" time="0.001" /><testcase classname="tests.scm.config.security.test_decryption_profile.TestDecryptionProfileAPI" name="test_create_decryption_profile" file="tests/scm/config/security/test_decryption_profile.py" line="71" time="0.001" /><testcase classname="tests.scm.config.security.test_decryption_profile.TestDecryptionProfileAPI" name="test_get_decryption_profile" file="tests/scm/config/security/test_decryption_profile.py" line="101" time="0.001" /><testcase classname="tests.scm.config.security.test_decryption_profile.TestDecryptionProfileAPI" name="test_update_decryption_profile" file="tests/scm/config/security/test_decryption_profile.py" line="123" time="0.001" /><testcase classname="tests.scm.config.security.test_decryption_profile.TestDecryptionProfileAPI" name="test_delete_decryption_profile" file="tests/scm/config/security/test_decryption_profile.py" line="167" time="0.001" /><testcase classname="tests.scm.config.security.test_decryption_profile.TestDecryptionProfileAPI" name="test_update_missing_id" file="tests/scm/config/security/test_decryption_profile.py" line="175" time="0.001" /><testcase classname="tests.scm.config.security.test_decryption_profile.TestDecryptionProfileAPI" name="test_update_response_handling" file="tests/scm/config/security/test_decryption_profile.py" line="188" time="0.001" /><testcase classname="tests.scm.config.security.test_decryption_profile.TestDecryptionProfileAPI" name="test_list_pagination_validation" file="tests/scm/config/security/test_decryption_profile.py" line="244" time="0.001" /><testcase classname="tests.scm.config.security.test_decryption_profile.TestDecryptionProfileAPI" name="test_list_container_validation" file="tests/scm/config/security/test_decryption_profile.py" line="262" time="0.001" /><testcase classname="tests.scm.config.security.test_decryption_profile.TestDecryptionProfileAPI" name="test_list_with_pagination_and_filters" file="tests/scm/config/security/test_decryption_profile.py" line="280" time="0.001" /><testcase classname="tests.scm.config.security.test_decryption_profile.TestDecryptionProfileAPI" name="test_fetch_validations_and_filters" file="tests/scm/config/security/test_decryption_profile.py" line="299" time="0.001" /><testcase classname="tests.scm.config.security.test_decryption_profile.TestDecryptionProfileValidation" name="test_ssl_protocol_settings_validation" file="tests/scm/config/security/test_decryption_profile.py" line="343" time="0.001" /><testcase classname="tests.scm.config.security.test_decryption_profile.TestDecryptionProfileValidation" name="test_container_validation" file="tests/scm/config/security/test_decryption_profile.py" line="361" time="0.001" /><testcase classname="tests.scm.config.security.test_decryption_profile.TestDecryptionProfileValidation" name="test_name_pattern_validation" file="tests/scm/config/security/test_decryption_profile.py" line="374" time="0.001" /><testcase classname="tests.scm.config.security.test_decryption_profile.TestDecryptionProfileValidation" name="test_ssl_version_validation" file="tests/scm/config/security/test_decryption_profile.py" line="384" time="0.001" /><testcase classname="tests.scm.config.security.test_decryption_profile.TestDecryptionProfileValidation" name="test_uuid_validation" file="tests/scm/config/security/test_decryption_profile.py" line="401" time="0.001" /><testcase classname="tests.scm.config.security.test_decryption_profile.TestSuite" name="test_ssl_protocol_settings_validation" file="tests/scm/config/security/test_decryption_profile.py" line="343" time="0.001" /><testcase classname="tests.scm.config.security.test_decryption_profile.TestSuite" name="test_container_validation" file="tests/scm/config/security/test_decryption_profile.py" line="361" time="0.001" /><testcase classname="tests.scm.config.security.test_decryption_profile.TestSuite" name="test_name_pattern_validation" file="tests/scm/config/security/test_decryption_profile.py" line="374" time="0.001" /><testcase classname="tests.scm.config.security.test_decryption_profile.TestSuite" name="test_ssl_version_validation" file="tests/scm/config/security/test_decryption_profile.py" line="384" time="0.001" /><testcase classname="tests.scm.config.security.test_decryption_profile.TestSuite" name="test_uuid_validation" file="tests/scm/config/security/test_decryption_profile.py" line="401" time="0.001" /><testcase classname="tests.scm.config.security.test_decryption_profile.TestSuite" name="test_list_decryption_profiles" file="tests/scm/config/security/test_decryption_profile.py" line="34" time="0.001" /><testcase classname="tests.scm.config.security.test_decryption_profile.TestSuite" name="test_create_decryption_profile" file="tests/scm/config/security/test_decryption_profile.py" line="71" time="0.001" /><testcase classname="tests.scm.config.security.test_decryption_profile.TestSuite" name="test_get_decryption_profile" file="tests/scm/config/security/test_decryption_profile.py" line="101" time="0.001" /><testcase classname="tests.scm.config.security.test_decryption_profile.TestSuite" name="test_update_decryption_profile" file="tests/scm/config/security/test_decryption_profile.py" line="123" time="0.001" /><testcase classname="tests.scm.config.security.test_decryption_profile.TestSuite" name="test_delete_decryption_profile" file="tests/scm/config/security/test_decryption_profile.py" line="167" time="0.001" /><testcase classname="tests.scm.config.security.test_decryption_profile.TestSuite" name="test_update_missing_id" file="tests/scm/config/security/test_decryption_profile.py" line="175" time="0.001" /><testcase classname="tests.scm.config.security.test_decryption_profile.TestSuite" name="test_update_response_handling" file="tests/scm/config/security/test_decryption_profile.py" line="188" time="0.001" /><testcase classname="tests.scm.config.security.test_decryption_profile.TestSuite" name="test_list_pagination_validation" file="tests/scm/config/security/test_decryption_profile.py" line="244" time="0.001" /><testcase classname="tests.scm.config.security.test_decryption_profile.TestSuite" name="test_list_container_validation" file="tests/scm/config/security/test_decryption_profile.py" line="262" time="0.001" /><testcase classname="tests.scm.config.security.test_decryption_profile.TestSuite" name="test_list_with_pagination_and_filters" file="tests/scm/config/security/test_decryption_profile.py" line="280" time="0.001" /><testcase classname="tests.scm.config.security.test_decryption_profile.TestSuite" name="test_fetch_validations_and_filters" file="tests/scm/config/security/test_decryption_profile.py" line="299" time="0.001" /><testcase classname="tests.scm.config.security.test_dns_security_profile.TestDNSSecurityProfileAPI" name="test_list_dns_security_profiles" file="tests/scm/config/security/test_dns_security_profile.py" line="42" time="0.001" /><testcase classname="tests.scm.config.security.test_dns_security_profile.TestDNSSecurityProfileAPI" name="test_create_dns_security_profile" file="tests/scm/config/security/test_dns_security_profile.py" line="180" time="0.002" /><testcase classname="tests.scm.config.security.test_dns_security_profile.TestDNSSecurityProfileAPI" name="test_get_dns_security_profile" file="tests/scm/config/security/test_dns_security_profile.py" line="203" time="0.001" /><testcase classname="tests.scm.config.security.test_dns_security_profile.TestDNSSecurityProfileAPI" name="test_update_dns_security_profile" file="tests/scm/config/security/test_dns_security_profile.py" line="245" time="0.001" /><testcase classname="tests.scm.config.security.test_dns_security_profile.TestDNSSecurityProfileAPI" name="test_dns_security_profile_update_model_validation" file="tests/scm/config/security/test_dns_security_profile.py" line="309" time="0.001" /><testcase classname="tests.scm.config.security.test_dns_security_profile.TestDNSSecurityProfileAPI" name="test_delete_dns_security_profile" file="tests/scm/config/security/test_dns_security_profile.py" line="337" time="0.001" /><testcase classname="tests.scm.config.security.test_dns_security_profile.TestDNSSecurityProfileAPI" name="test_fetch_dns_security_profile_success" file="tests/scm/config/security/test_dns_security_profile.py" line="348" time="0.001" /><testcase classname="tests.scm.config.security.test_dns_security_profile.TestDNSSecurityProfileAPI" name="test_fetch_dns_security_profile_validations" file="tests/scm/config/security/test_dns_security_profile.py" line="388" time="0.001" /><testcase classname="tests.scm.config.security.test_dns_security_profile.TestDNSSecurityProfileAPI" name="test_fetch_dns_security_profile_with_different_containers" file="tests/scm/config/security/test_dns_security_profile.py" line="430" time="0.001" /><testcase classname="tests.scm.config.security.test_dns_security_profile.TestDNSSecurityProfileAPI" name="test_fetch_dns_security_profile_with_filters" file="tests/scm/config/security/test_dns_security_profile.py" line="464" time="0.001" /><testcase classname="tests.scm.config.security.test_dns_security_profile.TestDNSSecurityProfileAPI" name="test_fetch_dns_security_profile_response_handling" file="tests/scm/config/security/test_dns_security_profile.py" line="496" time="0.001" /><testcase classname="tests.scm.config.security.test_dns_security_profile.TestDNSSecurityProfileValidation" name="test_dns_security_profile_request_model_validation_errors" file="tests/scm/config/security/test_dns_security_profile.py" line="534" time="0.001" /><testcase classname="tests.scm.config.security.test_dns_security_profile.TestDNSSecurityProfileValidation" name="test_dns_security_profile_list_validation_error" file="tests/scm/config/security/test_dns_security_profile.py" line="596" time="0.001" /><testcase classname="tests.scm.config.security.test_dns_security_profile.TestDNSSecurityProfileValidation" name="test_dns_security_profile_list_with_invalid_pagination" file="tests/scm/config/security/test_dns_security_profile.py" line="606" time="0.001" /><testcase classname="tests.scm.config.security.test_dns_security_profile.TestListActionValidation" name="test_list_action_request_validation" file="tests/scm/config/security/test_dns_security_profile.py" line="622" time="0.000" /><testcase classname="tests.scm.config.security.test_dns_security_profile.TestModelValidation" name="test_dns_security_profile_response_id_validation" file="tests/scm/config/security/test_dns_security_profile.py" line="656" time="0.000" /><testcase classname="tests.scm.config.security.test_dns_security_profile.TestDNSSecurityProfilePagination" name="test_list_dns_security_profiles_with_pagination" file="tests/scm/config/security/test_dns_security_profile.py" line="694" time="0.001" /><testcase classname="tests.scm.config.security.test_dns_security_profile.TestDNSSecurityProfilePagination" name="test_list_dns_security_profiles_with_name_filter" file="tests/scm/config/security/test_dns_security_profile.py" line="732" time="0.001" /><testcase classname="tests.scm.config.security.test_dns_security_profile.TestSuite" name="test_dns_security_profile_response_id_validation" file="tests/scm/config/security/test_dns_security_profile.py" line="656" time="0.001" /><testcase classname="tests.scm.config.security.test_dns_security_profile.TestSuite" name="test_list_dns_security_profiles_with_pagination" file="tests/scm/config/security/test_dns_security_profile.py" line="694" time="0.001" /><testcase classname="tests.scm.config.security.test_dns_security_profile.TestSuite" name="test_list_dns_security_profiles_with_name_filter" file="tests/scm/config/security/test_dns_security_profile.py" line="732" time="0.001" /><testcase classname="tests.scm.config.security.test_dns_security_profile.TestSuite" name="test_list_action_request_validation" file="tests/scm/config/security/test_dns_security_profile.py" line="622" time="0.001" /><testcase classname="tests.scm.config.security.test_dns_security_profile.TestSuite" name="test_dns_security_profile_request_model_validation_errors" file="tests/scm/config/security/test_dns_security_profile.py" line="534" time="0.001" /><testcase classname="tests.scm.config.security.test_dns_security_profile.TestSuite" name="test_dns_security_profile_list_validation_error" file="tests/scm/config/security/test_dns_security_profile.py" line="596" time="0.001" /><testcase classname="tests.scm.config.security.test_dns_security_profile.TestSuite" name="test_dns_security_profile_list_with_invalid_pagination" file="tests/scm/config/security/test_dns_security_profile.py" line="606" time="0.001" /><testcase classname="tests.scm.config.security.test_dns_security_profile.TestSuite" name="test_list_dns_security_profiles" file="tests/scm/config/security/test_dns_security_profile.py" line="42" time="0.001" /><testcase classname="tests.scm.config.security.test_dns_security_profile.TestSuite" name="test_create_dns_security_profile" file="tests/scm/config/security/test_dns_security_profile.py" line="180" time="0.002" /><testcase classname="tests.scm.config.security.test_dns_security_profile.TestSuite" name="test_get_dns_security_profile" file="tests/scm/config/security/test_dns_security_profile.py" line="203" time="0.001" /><testcase classname="tests.scm.config.security.test_dns_security_profile.TestSuite" name="test_update_dns_security_profile" file="tests/scm/config/security/test_dns_security_profile.py" line="245" time="0.001" /><testcase classname="tests.scm.config.security.test_dns_security_profile.TestSuite" name="test_dns_security_profile_update_model_validation" file="tests/scm/config/security/test_dns_security_profile.py" line="309" time="0.001" /><testcase classname="tests.scm.config.security.test_dns_security_profile.TestSuite" name="test_delete_dns_security_profile" file="tests/scm/config/security/test_dns_security_profile.py" line="337" time="0.001" /><testcase classname="tests.scm.config.security.test_dns_security_profile.TestSuite" name="test_fetch_dns_security_profile_success" file="tests/scm/config/security/test_dns_security_profile.py" line="348" time="0.001" /><testcase classname="tests.scm.config.security.test_dns_security_profile.TestSuite" name="test_fetch_dns_security_profile_validations" file="tests/scm/config/security/test_dns_security_profile.py" line="388" time="0.001" /><testcase classname="tests.scm.config.security.test_dns_security_profile.TestSuite" name="test_fetch_dns_security_profile_with_different_containers" file="tests/scm/config/security/test_dns_security_profile.py" line="430" time="0.001" /><testcase classname="tests.scm.config.security.test_dns_security_profile.TestSuite" name="test_fetch_dns_security_profile_with_filters" file="tests/scm/config/security/test_dns_security_profile.py" line="464" time="0.001" /><testcase classname="tests.scm.config.security.test_dns_security_profile.TestSuite" name="test_fetch_dns_security_profile_response_handling" file="tests/scm/config/security/test_dns_security_profile.py" line="496" time="0.001" /><testcase classname="tests.scm.config.security.test_security_rules.TestSecurityRuleBasicOperations" name="test_create_security_rule" file="tests/scm/config/security/test_security_rules.py" line="27" time="0.001" /><testcase classname="tests.scm.config.security.test_security_rules.TestSecurityRuleBasicOperations" name="test_create_with_explicit_rulebase" file="tests/scm/config/security/test_security_rules.py" line="57" time="0.001" /><testcase classname="tests.scm.config.security.test_security_rules.TestSecurityRuleAPI" name="test_list_security_rules" file="tests/scm/config/security/test_security_rules.py" line="95" time="0.001" /><testcase classname="tests.scm.config.security.test_security_rules.TestSecurityRuleAPI" name="test_create_security_rule" file="tests/scm/config/security/test_security_rules.py" line="477" time="0.001" /><testcase classname="tests.scm.config.security.test_security_rules.TestSecurityRuleAPI" name="test_create_security_rule_with_explicit_rulebase" file="tests/scm/config/security/test_security_rules.py" line="511" time="0.001" /><testcase classname="tests.scm.config.security.test_security_rules.TestSecurityRuleAPI" name="test_update_security_rule" file="tests/scm/config/security/test_security_rules.py" line="544" time="0.001" /><testcase classname="tests.scm.config.security.test_security_rules.TestSecurityRuleAPI" name="test_get_security_rule" file="tests/scm/config/security/test_security_rules.py" line="582" time="0.001" /><testcase classname="tests.scm.config.security.test_security_rules.TestSecurityRuleAPI" name="test_delete_security_rule" file="tests/scm/config/security/test_security_rules.py" line="616" time="0.001" /><testcase classname="tests.scm.config.security.test_security_rules.TestSecurityRuleAPI" name="test_security_rule_list_with_invalid_offset_limit" file="tests/scm/config/security/test_security_rules.py" line="634" time="0.001" /><testcase classname="tests.scm.config.security.test_security_rules.TestSecurityRuleAPI" name="test_security_rule_list_no_container_provided" file="tests/scm/config/security/test_security_rules.py" line="673" time="0.001" /><testcase classname="tests.scm.config.security.test_security_rules.TestSecurityRuleAPI" name="test_security_rule_list_multiple_containers_provided" file="tests/scm/config/security/test_security_rules.py" line="694" time="0.001" /><testcase classname="tests.scm.config.security.test_security_rules.TestSecurityRuleAPI" name="test_security_rule_list_with_name_filter" file="tests/scm/config/security/test_security_rules.py" line="718" time="0.001" /><testcase classname="tests.scm.config.security.test_security_rules.TestSecurityRuleAPI" name="test_security_rule_list_with_additional_filters" file="tests/scm/config/security/test_security_rules.py" line="753" time="0.001" /><testcase classname="tests.scm.config.security.test_security_rules.TestSecurityRuleAPI" name="test_security_rule_list_with_offset_limit" file="tests/scm/config/security/test_security_rules.py" line="798" time="0.001" /><testcase classname="tests.scm.config.security.test_security_rules.TestSecurityRuleAPI" name="test_invalid_rulebase_value" file="tests/scm/config/security/test_security_rules.py" line="834" time="0.001" /><testcase classname="tests.scm.config.security.test_security_rules.TestSecurityRuleAPI" name="test_update_security_rule_with_invalid_rulebase" file="tests/scm/config/security/test_security_rules.py" line="863" time="0.001" /><testcase classname="tests.scm.config.security.test_security_rules.TestSecurityRuleAPI" name="test_update_security_rule_with_alternate_case" file="tests/scm/config/security/test_security_rules.py" line="890" time="0.001" /><testcase classname="tests.scm.config.security.test_security_rules.TestSecurityRuleAPI" name="test_delete_security_rule_with_invalid_rulebase" file="tests/scm/config/security/test_security_rules.py" line="929" time="0.001" /><testcase classname="tests.scm.config.security.test_security_rules.TestSecurityRuleAPI" name="test_delete_security_rule_with_alternate_case" file="tests/scm/config/security/test_security_rules.py" line="948" time="0.001" /><testcase classname="tests.scm.config.security.test_security_rules.TestSecurityRuleAPI" name="test_get_security_rule_with_invalid_rulebase" file="tests/scm/config/security/test_security_rules.py" line="966" time="0.001" /><testcase classname="tests.scm.config.security.test_security_rules.TestSecurityRuleAPI" name="test_get_security_rule_with_alternate_case" file="tests/scm/config/security/test_security_rules.py" line="984" time="0.001" /><testcase classname="tests.scm.config.security.test_security_rules.TestSecurityRuleModels" name="test_create_security_rule_with_invalid_names" file="tests/scm/config/security/test_security_rules.py" line="1023" time="0.000" /><testcase classname="tests.scm.config.security.test_security_rules.TestSecurityRuleModels" name="test_security_rule_response_model_invalid_uuid" file="tests/scm/config/security/test_security_rules.py" line="1083" time="0.000" /><testcase classname="tests.scm.config.security.test_security_rules.TestSecurityRuleModels" name="test_security_rule_request_model_no_container_provided" file="tests/scm/config/security/test_security_rules.py" line="1099" time="0.000" /><testcase classname="tests.scm.config.security.test_security_rules.TestSecurityRuleModels" name="test_security_rule_request_model_multiple_containers_provided" file="tests/scm/config/security/test_security_rules.py" line="1115" time="0.000" /><testcase classname="tests.scm.config.security.test_security_rules.TestSecurityRuleModels" name="test_ensure_list_of_strings_single_string" file="tests
[...]
tion_profiles.TestSuite" name="test_vulnerability_protection_profile_update_invalid_id" file="tests/scm/config/security/test_vulnerability_protection_profiles.py" line="445" time="0.001" /><testcase classname="tests.scm.config.security.test_vulnerability_protection_profiles.TestSuite" name="test_update_model_uuid_validation" file="tests/scm/config/security/test_vulnerability_protection_profiles.py" line="458" time="0.001" /><testcase classname="tests.scm.config.security.test_vulnerability_protection_profiles.TestSuite" name="test_list_pagination_validation" file="tests/scm/config/security/test_vulnerability_protection_profiles.py" line="472" time="0.001" /><testcase classname="tests.scm.config.security.test_vulnerability_protection_profiles.TestSuite" name="test_list_container_validation" file="tests/scm/config/security/test_vulnerability_protection_profiles.py" line="492" time="0.001" /><testcase classname="tests.scm.config.security.test_vulnerability_protection_profiles.TestSuite" name="test_list_parameter_handling" file="tests/scm/config/security/test_vulnerability_protection_profiles.py" line="510" time="0.001" /><testcase classname="tests.scm.config.security.test_vulnerability_protection_profiles.TestSuite" name="test_fetch_validation_and_handling" file="tests/scm/config/security/test_vulnerability_protection_profiles.py" line="524" time="0.001" /><testcase classname="tests.scm.config.security.test_vulnerability_protection_profiles.TestSuite" name="test_list_vulnerability_protection_profiles" file="tests/scm/config/security/test_vulnerability_protection_profiles.py" line="40" time="0.001" /><testcase classname="tests.scm.config.security.test_vulnerability_protection_profiles.TestSuite" name="test_create_vulnerability_protection_profile" file="tests/scm/config/security/test_vulnerability_protection_profiles.py" line="94" time="0.001" /><testcase classname="tests.scm.config.security.test_vulnerability_protection_profiles.TestSuite" name="test_get_vulnerability_protection_profile" file="tests/scm/config/security/test_vulnerability_protection_profiles.py" line="139" time="0.001" /><testcase classname="tests.scm.config.security.test_vulnerability_protection_profiles.TestSuite" name="test_update_vulnerability_protection_profile" file="tests/scm/config/security/test_vulnerability_protection_profiles.py" line="167" time="0.001" /><testcase classname="tests.scm.config.security.test_vulnerability_protection_profiles.TestSuite" name="test_delete_vulnerability_protection_profile" file="tests/scm/config/security/test_vulnerability_protection_profiles.py" line="206" time="0.001" /><testcase classname="tests.scm.config.security.test_wildfire_antivirus_profiles.TestWildfireAntivirusProfileAPI" name="test_list_wildfire_antivirus_profiles" file="tests/scm/config/security/test_wildfire_antivirus_profiles.py" line="34" time="0.001" /><testcase classname="tests.scm.config.security.test_wildfire_antivirus_profiles.TestWildfireAntivirusProfileAPI" name="test_create_wildfire_antivirus_profile" file="tests/scm/config/security/test_wildfire_antivirus_profiles.py" line="92" time="0.001" /><testcase classname="tests.scm.config.security.test_wildfire_antivirus_profiles.TestWildfireAntivirusProfileAPI" name="test_get_wildfire_antivirus_profile" file="tests/scm/config/security/test_wildfire_antivirus_profiles.py" line="146" time="0.001" /><testcase classname="tests.scm.config.security.test_wildfire_antivirus_profiles.TestWildfireAntivirusProfileAPI" name="test_update_wildfire_antivirus_profile" file="tests/scm/config/security/test_wildfire_antivirus_profiles.py" line="182" time="0.001" /><testcase classname="tests.scm.config.security.test_wildfire_antivirus_profiles.TestWildfireAntivirusProfileAPI" name="test_delete_wildfire_antivirus_profile" file="tests/scm/config/security/test_wildfire_antivirus_profiles.py" line="263" time="0.001" /><testcase classname="tests.scm.config.security.test_wildfire_antivirus_profiles.TestWildfireAntivirusProfileAPI" name="test_list_with_pagination" file="tests/scm/config/security/test_wildfire_antivirus_profiles.py" line="278" time="0.001" /><testcase classname="tests.scm.config.security.test_wildfire_antivirus_profiles.TestWildfireAntivirusProfileAPI" name="test_list_name_filter" file="tests/scm/config/security/test_wildfire_antivirus_profiles.py" line="317" time="0.001" /><testcase classname="tests.scm.config.security.test_wildfire_antivirus_profiles.TestWildfireAntivirusProfileAPI" name="test_fetch_basic_functionality" file="tests/scm/config/security/test_wildfire_antivirus_profiles.py" line="345" time="0.001" /><testcase classname="tests.scm.config.security.test_wildfire_antivirus_profiles.TestWildfireAntivirusProfileAPI" name="test_fetch_missing_name" file="tests/scm/config/security/test_wildfire_antivirus_profiles.py" line="368" time="0.001" /><testcase classname="tests.scm.config.security.test_wildfire_antivirus_profiles.TestWildfireAntivirusProfileAPI" name="test_fetch_container_params_initialization" file="tests/scm/config/security/test_wildfire_antivirus_profiles.py" line="382" time="0.001" /><testcase classname="tests.scm.config.security.test_wildfire_antivirus_profiles.TestWildfireAntivirusProfileAPI" name="test_fetch_provided_containers_validation" file="tests/scm/config/security/test_wildfire_antivirus_profiles.py" line="404" time="0.001" /><testcase classname="tests.scm.config.security.test_wildfire_antivirus_profiles.TestWildfireAntivirusProfileAPI" name="test_fetch_params_handling" file="tests/scm/config/security/test_wildfire_antivirus_profiles.py" line="437" time="0.001" /><testcase classname="tests.scm.config.security.test_wildfire_antivirus_profiles.TestWildfireAntivirusProfileAPI" name="test_fetch_api_call" file="tests/scm/config/security/test_wildfire_antivirus_profiles.py" line="470" time="0.001" /><testcase classname="tests.scm.config.security.test_wildfire_antivirus_profiles.TestWildfireAntivirusProfileAPI" name="test_fetch_response_handling" file="tests/scm/config/security/test_wildfire_antivirus_profiles.py" line="492" time="0.001" /><testcase classname="tests.scm.config.security.test_wildfire_antivirus_profiles.TestWildfireAntivirusProfileAPI" name="test_fetch_invalid_response" file="tests/scm/config/security/test_wildfire_antivirus_profiles.py" line="524" time="0.001" /><testcase classname="tests.scm.config.security.test_wildfire_antivirus_profiles.TestWildfireAntivirusProfileValidation" name="test_create_model_container_validation" file="tests/scm/config/security/test_wildfire_antivirus_profiles.py" line="543" time="0.001" /><testcase classname="tests.scm.config.security.test_wildfire_antivirus_profiles.TestWildfireAntivirusProfileValidation" name="test_rule_request_validation" file="tests/scm/config/security/test_wildfire_antivirus_profiles.py" line="569" time="0.001" /><testcase classname="tests.scm.config.security.test_wildfire_antivirus_profiles.TestWildfireAntivirusProfileValidation" name="test_list_validation" file="tests/scm/config/security/test_wildfire_antivirus_profiles.py" line="587" time="0.001" /><testcase classname="tests.scm.config.security.test_wildfire_antivirus_profiles.TestWildfireAntivirusProfileValidation" name="test_pagination_validation" file="tests/scm/config/security/test_wildfire_antivirus_profiles.py" line="596" time="0.001" /><testcase classname="tests.scm.config.security.test_wildfire_antivirus_profiles.TestWildfireAntivirusProfileValidation" name="test_response_model_id_validation" file="tests/scm/config/security/test_wildfire_antivirus_profiles.py" line="603" time="0.001" /><testcase classname="tests.scm.config.security.test_wildfire_antivirus_profiles.TestSuite" name="test_create_model_container_validation" file="tests/scm/config/security/test_wildfire_antivirus_profiles.py" line="543" time="0.001" /><testcase classname="tests.scm.config.security.test_wildfire_antivirus_profiles.TestSuite" name="test_rule_request_validation" file="tests/scm/config/security/test_wildfire_antivirus_profiles.py" line="569" time="0.001" /><testcase classname="tests.scm.config.security.test_wildfire_antivirus_profiles.TestSuite" name="test_list_validation" file="tests/scm/config/security/test_wildfire_antivirus_profiles.py" line="587" time="0.001" /><testcase classname="tests.scm.config.security.test_wildfire_antivirus_profiles.TestSuite" name="test_pagination_validation" file="tests/scm/config/security/test_wildfire_antivirus_profiles.py" line="596" time="0.001" /><testcase classname="tests.scm.config.security.test_wildfire_antivirus_profiles.TestSuite" name="test_response_model_id_validation" file="tests/scm/config/security/test_wildfire_antivirus_profiles.py" line="603" time="0.001" /><testcase classname="tests.scm.config.security.test_wildfire_antivirus_profiles.TestSuite" name="test_list_wildfire_antivirus_profiles" file="tests/scm/config/security/test_wildfire_antivirus_profiles.py" line="34" time="0.001" /><testcase classname="tests.scm.config.security.test_wildfire_antivirus_profiles.TestSuite" name="test_create_wildfire_antivirus_profile" file="tests/scm/config/security/test_wildfire_antivirus_profiles.py" line="92" time="0.001" /><testcase classname="tests.scm.config.security.test_wildfire_antivirus_profiles.TestSuite" name="test_get_wildfire_antivirus_profile" file="tests/scm/config/security/test_wildfire_antivirus_profiles.py" line="146" time="0.001" /><testcase classname="tests.scm.config.security.test_wildfire_antivirus_profiles.TestSuite" name="test_update_wildfire_antivirus_profile" file="tests/scm/config/security/test_wildfire_antivirus_profiles.py" line="182" time="0.001" /><testcase classname="tests.scm.config.security.test_wildfire_antivirus_profiles.TestSuite" name="test_delete_wildfire_antivirus_profile" file="tests/scm/config/security/test_wildfire_antivirus_profiles.py" line="263" time="0.001" /><testcase classname="tests.scm.config.security.test_wildfire_antivirus_profiles.TestSuite" name="test_list_with_pagination" file="tests/scm/config/security/test_wildfire_antivirus_profiles.py" line="278" time="0.001" /><testcase classname="tests.scm.config.security.test_wildfire_antivirus_profiles.TestSuite" name="test_list_name_filter" file="tests/scm/config/security/test_wildfire_antivirus_profiles.py" line="317" time="0.001" /><testcase classname="tests.scm.config.security.test_wildfire_antivirus_profiles.TestSuite" name="test_fetch_basic_functionality" file="tests/scm/config/security/test_wildfire_antivirus_profiles.py" line="345" time="0.001" /><testcase classname="tests.scm.config.security.test_wildfire_antivirus_profiles.TestSuite" name="test_fetch_missing_name" file="tests/scm/config/security/test_wildfire_antivirus_profiles.py" line="368" time="0.001" /><testcase classname="tests.scm.config.security.test_wildfire_antivirus_profiles.TestSuite" name="test_fetch_container_params_initialization" file="tests/scm/config/security/test_wildfire_antivirus_profiles.py" line="382" time="0.001" /><testcase classname="tests.scm.config.security.test_wildfire_antivirus_profiles.TestSuite" name="test_fetch_provided_containers_validation" file="tests/scm/config/security/test_wildfire_antivirus_profiles.py" line="404" time="0.001" /><testcase classname="tests.scm.config.security.test_wildfire_antivirus_profiles.TestSuite" name="test_fetch_params_handling" file="tests/scm/config/security/test_wildfire_antivirus_profiles.py" line="437" time="0.001" /><testcase classname="tests.scm.config.security.test_wildfire_antivirus_profiles.TestSuite" name="test_fetch_api_call" file="tests/scm/config/security/test_wildfire_antivirus_profiles.py" line="470" time="0.001" /><testcase classname="tests.scm.config.security.test_wildfire_antivirus_profiles.TestSuite" name="test_fetch_response_handling" file="tests/scm/config/security/test_wildfire_antivirus_profiles.py" line="492" time="0.001" /><testcase classname="tests.scm.config.security.test_wildfire_antivirus_profiles.TestSuite" name="test_fetch_invalid_response" file="tests/scm/config/security/test_wildfire_antivirus_profiles.py" line="524" time="0.001" /><testcase classname="tests.scm.config.test_base_object.TestBaseObject" name="test_initialization" file="tests/scm/config/test_base_object.py" line="27" time="0.001" /><testcase classname="tests.scm.config.test_base_object.TestBaseObject" name="test_create_method" file="tests/scm/config/test_base_object.py" line="37" time="0.001" /><testcase classname="tests.scm.config.test_base_object.TestBaseObject" name="test_get_method" file="tests/scm/config/test_base_object.py" line="58" time="0.001" /><testcase classname="tests.scm.config.test_base_object.TestBaseObject" name="test_update_method" file="tests/scm/config/test_base_object.py" line="78" time="0.001" /><testcase classname="tests.scm.config.test_base_object.TestBaseObject" name="test_delete_method" file="tests/scm/config/test_base_object.py" line="97" time="0.001" /><testcase classname="tests.scm.config.test_base_object.TestBaseObject" name="test_list_method" file="tests/scm/config/test_base_object.py" line="114" time="0.001" /><testcase classname="tests.scm.config.test_base_object.TestBaseObject" name="test_list_method_empty_response" file="tests/scm/config/test_base_object.py" line="145" time="0.001" /><testcase classname="tests.scm.config.test_base_object.TestBaseObject" name="test_update_method_missing_id" file="tests/scm/config/test_base_object.py" line="158" time="0.001" /><testcase classname="tests.scm.config.test_base_object.TestBaseObject" name="test_endpoint_inheritance" file="tests/scm/config/test_base_object.py" line="171" time="0.001" /><testcase classname="tests.scm.config.test_base_object.TestBaseObject" name="test_api_client_type_check" file="tests/scm/config/test_base_object.py" line="187" time="0.001" /><testcase classname="tests.scm.config.test_base_object.TestBaseObject" name="test_create_method_payload_validation" file="tests/scm/config/test_base_object.py" line="200" time="0.001" /><testcase classname="tests.scm.exceptions.test_exceptions.TestErrorResponse" name="test_from_response_raises_value_error" file="tests/scm/exceptions/test_exceptions.py" line="11" time="0.001" /><testcase classname="tests.scm.exceptions.test_exceptions.TestErrorResponse" name="test_from_response_success" file="tests/scm/exceptions/test_exceptions.py" line="25" time="0.000" /><testcase classname="tests.scm.exceptions.test_exceptions.TestAPIError" name="test_from_error_response" file="tests/scm/exceptions/test_exceptions.py" line="47" time="0.000" /><testcase classname="tests.scm.exceptions.test_exceptions.TestAPIError" name="test_api_error_initialization" file="tests/scm/exceptions/test_exceptions.py" line="64" time="0.000" /><testcase classname="tests.scm.exceptions.test_exceptions.TestErrorHandler" name="test_raise_for_error_invalid_format" file="tests/scm/exceptions/test_exceptions.py" line="88" time="0.000" /><testcase classname="tests.scm.exceptions.test_exceptions.TestErrorHandler" name="test_raise_for_error_no_exception_class" file="tests/scm/exceptions/test_exceptions.py" line="93" time="0.000" /><testcase classname="tests.scm.exceptions.test_exceptions.TestErrorHandler" name="test_raise_for_error_with_details_message" file="tests/scm/exceptions/test_exceptions.py" line="113" time="0.000" /><testcase classname="tests.scm.exceptions.test_exceptions.TestErrorHandler" name="test_raise_for_error_fallback_message" file="tests/scm/exceptions/test_exceptions.py" line="130" time="0.000" /><testcase classname="tests.scm.exceptions.test_exceptions.TestErrorHandler" name="test_reference_not_zero_error_handling" file="tests/scm/exceptions/test_exceptions.py" line="143" time="0.000" /><testcase classname="tests.scm.test_auth" name="test_decode_token_success" file="tests/scm/test_auth.py" line="46" time="0.001" /><testcase classname="tests.scm.test_auth" name="test_decode_token_expired" file="tests/scm/test_auth.py" line="58" time="0.002" /><testcase classname="tests.scm.test_auth" name="test_is_expired_false" file="tests/scm/test_auth.py" line="64" time="0.002" /><testcase classname="tests.scm.test_auth" name="test_is_expired_true" file="tests/scm/test_auth.py" line="69" time="0.001" /><testcase classname="tests.scm.test_auth" name="test_refresh_token_success" file="tests/scm/test_auth.py" line="74" time="0.002" /><testcase classname="tests.scm.test_auth" name="test_refresh_token_exception" file="tests/scm/test_auth.py" line="100" time="0.001" /><testcase classname="tests.scm.test_auth" name="test_auth_request_model_with_scope" file="tests/scm/test_auth.py" line="109" time="0.000" /><testcase classname="tests.scm.test_auth" name="test_auth_request_model_scope_construction" file="tests/scm/test_auth.py" line="121" time="0.000" /><testcase classname="tests.scm.test_auth" name="test_auth_request_model_missing_tsg_id" file="tests/scm/test_auth.py" line="131" time="0.000" /><testcase classname="tests.scm.test_auth" name="test_auth_request_model_default_token_url" file="tests/scm/test_auth.py" line="141" time="0.000" /><testcase classname="tests.scm.test_auth" name="test_auth_request_model_custom_token_url" file="tests/scm/test_auth.py" line="154" time="0.000" /><testcase classname="tests.scm.test_client" name="test_scm_init_value_error" file="tests/scm/test_client.py" line="26" time="0.000" /><testcase classname="tests.scm.test_client" name="test_request_http_error" file="tests/scm/test_client.py" line="37" time="0.001" /><testcase classname="tests.scm.test_client" name="test_request_general_exception" file="tests/scm/test_client.py" line="59" time="0.001" /><testcase classname="tests.scm.test_client" name="test_handle_api_error" file="tests/scm/test_client.py" line="71" time="0.002" /><testcase classname="tests.scm.test_client" name="test_handle_api_error_unknown_status" file="tests/scm/test_client.py" line="211" time="0.000" /><testcase classname="tests.scm.test_client" name="test_get_method" file="tests/scm/test_client.py" line="229" time="0.001" /><testcase classname="tests.scm.test_client" name="test_post_method_token_refresh" file="tests/scm/test_client.py" line="243" time="0.001" /><testcase classname="tests.scm.test_client" name="test_request_http_error_no_content" file="tests/scm/test_client.py" line="259" time="0.001" /><testcase classname="tests.scm.test_client" name="test_request_success" file="tests/scm/test_client.py" line="277" time="0.002" /><testcase classname="tests.scm.test_client" name="test_get_method_token_refresh" file="tests/scm/test_client.py" line="295" time="0.001" /><testcase classname="tests.scm.test_client" name="test_put_method_token_refresh" file="tests/scm/test_client.py" line="311" time="0.001" /><testcase classname="tests.scm.test_client" name="test_delete_method_token_refresh" file="tests/scm/test_client.py" line="327" time="0.001" /><testcase classname="tests.scm.test_client" name="test_request_json_exception" file="tests/scm/test_client.py" line="341" time="0.002" /><testcase classname="tests.scm.test_client" name="test_request_empty_response" file="tests/scm/test_client.py" line="357" time="0.001" /><testcase classname="tests.scm.test_client" name="test_handle_api_error_details_list" file="tests/scm/test_client.py" line="375" time="0.000" /><testcase classname="tests.scm.test_client" name="test_handle_api_error_object_not_present" file="tests/scm/test_client.py" line="396" time="0.000" /><testcase classname="tests.scm.test_client" name="test_handle_api_error_operation_impossible" file="tests/scm/test_client.py" line="416" time="0.000" /><testcase classname="tests.scm.test_client" name="test_handle_api_error_object_already_exists" file="tests/scm/test_client.py" line="436" time="0.000" /><testcase classname="tests.scm.test_client" name="test_handle_api_error_malformed_command" file="tests/scm/test_client.py" line="456" time="0.000" /><testcase classname="tests.scm.test_client" name="test_handle_api_error_empty_field" file="tests/scm/test_client.py" line="476" time="0.000" /></testsuite></testsuites>